An error occurred:
Matplotlib created a temporary config/cache directory at C:\Windows\TEMP\matplotlib-gtl49t37 because the default path (C:\Windows\system32\config\systemprofile\.matplotlib) is not a writable directory; it is highly recommended to set the MPLCONFIGDIR environment variable to a writable directory, in particular to speed up the import of Matplotlib and to better support multiprocessing.
Matplotlib created a temporary config/cache directory at C:\Windows\TEMP\matplotlib-11nsfshf because the default path (C:\Windows\system32\config\systemprofile\.matplotlib) is not a writable directory; it is highly recommended to set the MPLCONFIGDIR environment variable to a writable directory, in particular to speed up the import of Matplotlib and to better support multiprocessing.
Matplotlib created a temporary config/cache directory at C:\Windows\TEMP\matplotlib-knz91x8c because the default path (C:\Windows\system32\config\systemprofile\.matplotlib) is not a writable directory; it is highly recommended to set the MPLCONFIGDIR environment variable to a writable directory, in particular to speed up the import of Matplotlib and to better support multiprocessing.
Matplotlib created a temporary config/cache directory at C:\Windows\TEMP\matplotlib-b4jgj5xg because the default path (C:\Windows\system32\config\systemprofile\.matplotlib) is not a writable directory; it is highly recommended to set the MPLCONFIGDIR environment variable to a writable directory, in particular to speed up the import of Matplotlib and to better support multiprocessing.
Not Found: /solr/admin/info/system
Not Found: /upl.php
Matplotlib created a temporary config/cache directory at C:\Windows\TEMP\matplotlib-yxsoci59 because the default path (C:\Windows\system32\config\systemprofile\.matplotlib) is not a writable directory; it is highly recommended to set the MPLCONFIGDIR environment variable to a writable directory, in particular to speed up the import of Matplotlib and to better support multiprocessing.
Not Found: /geoip/
Matplotlib created a temporary config/cache directory at C:\Windows\TEMP\matplotlib-762qw_k0 because the default path (C:\Windows\system32\config\systemprofile\.matplotlib) is not a writable directory; it is highly recommended to set the MPLCONFIGDIR environment variable to a writable directory, in particular to speed up the import of Matplotlib and to better support multiprocessing.
Not Found: /shell
Not Found: /shell
Matplotlib created a temporary config/cache directory at C:\Windows\TEMP\matplotlib-f4gxl1bz because the default path (C:\Windows\system32\config\systemprofile\.matplotlib) is not a writable directory; it is highly recommended to set the MPLCONFIGDIR environment variable to a writable directory, in particular to speed up the import of Matplotlib and to better support multiprocessing.
Not Found: /shell
Not Found: /index.php
Not Found: /config/getuser
Matplotlib created a temporary config/cache directory at C:\Windows\TEMP\matplotlib-if8_3rwl because the default path (C:\Windows\system32\config\systemprofile\.matplotlib) is not a writable directory; it is highly recommended to set the MPLCONFIGDIR environment variable to a writable directory, in particular to speed up the import of Matplotlib and to better support multiprocessing.
Not Found: /favicon.ico
Matplotlib created a temporary config/cache directory at C:\Windows\TEMP\matplotlib-64sxgysa because the default path (C:\Windows\system32\config\systemprofile\.matplotlib) is not a writable directory; it is highly recommended to set the MPLCONFIGDIR environment variable to a writable directory, in particular to speed up the import of Matplotlib and to better support multiprocessing.
Matplotlib created a temporary config/cache directory at C:\Windows\TEMP\matplotlib-t3z3yb1t because the default path (C:\Windows\system32\config\systemprofile\.matplotlib) is not a writable directory; it is highly recommended to set the MPLCONFIGDIR environment variable to a writable directory, in particular to speed up the import of Matplotlib and to better support multiprocessing.
Matplotlib created a temporary config/cache directory at C:\Windows\TEMP\matplotlib-y_d46hb1 because the default path (C:\Windows\system32\config\systemprofile\.matplotlib) is not a writable directory; it is highly recommended to set the MPLCONFIGDIR environment variable to a writable directory, in particular to speed up the import of Matplotlib and to better support multiprocessing.
Not Found: /index.php
Not Found: /phpmyadmin/index.php
Matplotlib created a temporary config/cache directory at C:\Windows\TEMP\matplotlib-jcyb4k9d because the default path (C:\Windows\system32\config\systemprofile\.matplotlib) is not a writable directory; it is highly recommended to set the MPLCONFIGDIR environment variable to a writable directory, in particular to speed up the import of Matplotlib and to better support multiprocessing.
Matplotlib created a temporary config/cache directory at C:\Windows\TEMP\matplotlib-up7avbqa because the default path (C:\Windows\system32\config\systemprofile\.matplotlib) is not a writable directory; it is highly recommended to set the MPLCONFIGDIR environment variable to a writable directory, in particular to speed up the import of Matplotlib and to better support multiprocessing.
Matplotlib created a temporary config/cache directory at C:\Windows\TEMP\matplotlib-0kp6z948 because the default path (C:\Windows\system32\config\systemprofile\.matplotlib) is not a writable directory; it is highly recommended to set the MPLCONFIGDIR environment variable to a writable directory, in particular to speed up the import of Matplotlib and to better support multiprocessing.
Matplotlib created a temporary config/cache directory at C:\Windows\TEMP\matplotlib-796zi3ht because the default path (C:\Windows\system32\config\systemprofile\.matplotlib) is not a writable directory; it is highly recommended to set the MPLCONFIGDIR environment variable to a writable directory, in particular to speed up the import of Matplotlib and to better support multiprocessing.
Not Found: /console/
Matplotlib created a temporary config/cache directory at C:\Windows\TEMP\matplotlib-n5cc54dl because the default path (C:\Windows\system32\config\systemprofile\.matplotlib) is not a writable directory; it is highly recommended to set the MPLCONFIGDIR environment variable to a writable directory, in particular to speed up the import of Matplotlib and to better support multiprocessing.
Matplotlib created a temporary config/cache directory at C:\Windows\TEMP\matplotlib-1dqzs2z7 because the default path (C:\Windows\system32\config\systemprofile\.matplotlib) is not a writable directory; it is highly recommended to set the MPLCONFIGDIR environment variable to a writable directory, in particular to speed up the import of Matplotlib and to better support multiprocessing.
Not Found: /favicon.ico
Not Found: /_ignition/execute-solution
Matplotlib created a temporary config/cache directory at C:\Windows\TEMP\matplotlib-ntuwpiu_ because the default path (C:\Windows\system32\config\systemprofile\.matplotlib) is not a writable directory; it is highly recommended to set the MPLCONFIGDIR environment variable to a writable directory, in particular to speed up the import of Matplotlib and to better support multiprocessing.
Matplotlib created a temporary config/cache directory at C:\Windows\TEMP\matplotlib-zzph88na because the default path (C:\Windows\system32\config\systemprofile\.matplotlib) is not a writable directory; it is highly recommended to set the MPLCONFIGDIR environment variable to a writable directory, in particular to speed up the import of Matplotlib and to better support multiprocessing.
Matplotlib created a temporary config/cache directory at C:\Windows\TEMP\matplotlib-v7g5vnny because the default path (C:\Windows\system32\config\systemprofile\.matplotlib) is not a writable directory; it is highly recommended to set the MPLCONFIGDIR environment variable to a writable directory, in particular to speed up the import of Matplotlib and to better support multiprocessing.
Matplotlib created a temporary config/cache directory at C:\Windows\TEMP\matplotlib-hwdufgb4 because the default path (C:\Windows\system32\config\systemprofile\.matplotlib) is not a writable directory; it is highly recommended to set the MPLCONFIGDIR environment variable to a writable directory, in particular to speed up the import of Matplotlib and to better support multiprocessing.
Matplotlib created a temporary config/cache directory at C:\Windows\TEMP\matplotlib-u_7qdwig because the default path (C:\Windows\system32\config\systemprofile\.matplotlib) is not a writable directory; it is highly recommended to set the MPLCONFIGDIR environment variable to a writable directory, in particular to speed up the import of Matplotlib and to better support multiprocessing.
Not Found: /favicon.ico
Matplotlib created a temporary config/cache directory at C:\Windows\TEMP\matplotlib-8zhzzo6v because the default path (C:\Windows\system32\config\systemprofile\.matplotlib) is not a writable directory; it is highly recommended to set the MPLCONFIGDIR environment variable to a writable directory, in particular to speed up the import of Matplotlib and to better support multiprocessing.
Matplotlib created a temporary config/cache directory at C:\Windows\TEMP\matplotlib-_7dmqg6h because the default path (C:\Windows\system32\config\systemprofile\.matplotlib) is not a writable directory; it is highly recommended to set the MPLCONFIGDIR environment variable to a writable directory, in particular to speed up the import of Matplotlib and to better support multiprocessing.
Not Found: /.git/config
Not Found: /enviroments/.env.production
Not Found: /enviroments/.env.production
Not Found: /fedex/.env
Not Found: /fedex/.env
Not Found: /script/.env
Not Found: /script/.env
Not Found: /apps/.env
Not Found: /apps/.env
Not Found: /private/.env
Not Found: /private/.env
Not Found: /.env.save
Not Found: /.env.save
Not Found: /development/.env
Not Found: /development/.env
Not Found: /enviroments/.env
Not Found: /enviroments/.env
Not Found: /admin-app/.env
Not Found: /admin-app/.env
Not Found: /api/.env
Not Found: /api/.env
Not Found: /docker/.env
Not Found: /docker/.env
Not Found: /.env
Not Found: /.env
Not Found: /.env.prod
Not Found: /.env.prod
Not Found: /back/.env
Not Found: /back/.env
Not Found: /app/.env
Not Found: /app/.env
Not Found: /cms/.env
Not Found: /cms/.env
Not Found: /laravel/.env
Not Found: /laravel/.env
Not Found: /rest/.env
Not Found: /rest/.env
Not Found: /local/.env
Not Found: /local/.env
Not Found: /.env.production
Not Found: /.env.production
Not Found: /.env.old
Not Found: /.env.old
Not Found: /cp/.env
Not Found: /cp/.env
Not Found: /shared/.env
Not Found: /shared/.env
Not Found: /application/.env
Not Found: /application/.env
Not Found: /live_env
Not Found: /live_env
Not Found: /.env.dist
Not Found: /.env.dist
Not Found: /core/.env
Not Found: /core/.env
Not Found: /.env.development
Not Found: /.env.development
Not Found: /system/.env
Not Found: /system/.env
Not Found: /sources/.env
Not Found: /sources/.env
Not Found: /.env.project
Not Found: /.env.project
Not Found: /frontend_dev.php/$
Not Found: /debug/default/view
Not Found: /config.json
Not Found: /.json
Not Found: /_profiler/phpinfo
Not Found: /info.php
Not Found: /phpinfo.php
Matplotlib created a temporary config/cache directory at C:\Windows\TEMP\matplotlib-a4nrciyx because the default path (C:\Windows\system32\config\systemprofile\.matplotlib) is not a writable directory; it is highly recommended to set the MPLCONFIGDIR environment variable to a writable directory, in particular to speed up the import of Matplotlib and to better support multiprocessing.
Matplotlib created a temporary config/cache directory at C:\Windows\TEMP\matplotlib-4nbbzke7 because the default path (C:\Windows\system32\config\systemprofile\.matplotlib) is not a writable directory; it is highly recommended to set the MPLCONFIGDIR environment variable to a writable directory, in particular to speed up the import of Matplotlib and to better support multiprocessing.
Matplotlib created a temporary config/cache directory at C:\Windows\TEMP\matplotlib-3iqewhjt because the default path (C:\Windows\system32\config\systemprofile\.matplotlib) is not a writable directory; it is highly recommended to set the MPLCONFIGDIR environment variable to a writable directory, in particular to speed up the import of Matplotlib and to better support multiprocessing.
Not Found: /favicon.ico
Matplotlib created a temporary config/cache directory at C:\Windows\TEMP\matplotlib-psm_q403 because the default path (C:\Windows\system32\config\systemprofile\.matplotlib) is not a writable directory; it is highly recommended to set the MPLCONFIGDIR environment variable to a writable directory, in particular to speed up the import of Matplotlib and to better support multiprocessing.
Not Found: /Public/home/js/check.js
Not Found: /static/admin/javascript/hetong.js
Matplotlib created a temporary config/cache directory at C:\Windows\TEMP\matplotlib-mc_ebou2 because the default path (C:\Windows\system32\config\systemprofile\.matplotlib) is not a writable directory; it is highly recommended to set the MPLCONFIGDIR environment variable to a writable directory, in particular to speed up the import of Matplotlib and to better support multiprocessing.
Matplotlib created a temporary config/cache directory at C:\Windows\TEMP\matplotlib-o0zjgul9 because the default path (C:\Windows\system32\config\systemprofile\.matplotlib) is not a writable directory; it is highly recommended to set the MPLCONFIGDIR environment variable to a writable directory, in particular to speed up the import of Matplotlib and to better support multiprocessing.
Matplotlib created a temporary config/cache directory at C:\Windows\TEMP\matplotlib-2lrw7_gj because the default path (C:\Windows\system32\config\systemprofile\.matplotlib) is not a writable directory; it is highly recommended to set the MPLCONFIGDIR environment variable to a writable directory, in particular to speed up the import of Matplotlib and to better support multiprocessing.
Not Found: /geoserver
Matplotlib created a temporary config/cache directory at C:\Windows\TEMP\matplotlib-kr4kb4a5 because the default path (C:\Windows\system32\config\systemprofile\.matplotlib) is not a writable directory; it is highly recommended to set the MPLCONFIGDIR environment variable to a writable directory, in particular to speed up the import of Matplotlib and to better support multiprocessing.
Matplotlib created a temporary config/cache directory at C:\Windows\TEMP\matplotlib-fq9s19tk because the default path (C:\Windows\system32\config\systemprofile\.matplotlib) is not a writable directory; it is highly recommended to set the MPLCONFIGDIR environment variable to a writable directory, in particular to speed up the import of Matplotlib and to better support multiprocessing.
Matplotlib created a temporary config/cache directory at C:\Windows\TEMP\matplotlib-sglq5bve because the default path (C:\Windows\system32\config\systemprofile\.matplotlib) is not a writable directory; it is highly recommended to set the MPLCONFIGDIR environment variable to a writable directory, in particular to speed up the import of Matplotlib and to better support multiprocessing.
Matplotlib created a temporary config/cache directory at C:\Windows\TEMP\matplotlib-u30y1_9j because the default path (C:\Windows\system32\config\systemprofile\.matplotlib) is not a writable directory; it is highly recommended to set the MPLCONFIGDIR environment variable to a writable directory, in particular to speed up the import of Matplotlib and to better support multiprocessing.
Not Found: /.git/config
Matplotlib created a temporary config/cache directory at C:\Windows\TEMP\matplotlib-e7jot9nh because the default path (C:\Windows\system32\config\systemprofile\.matplotlib) is not a writable directory; it is highly recommended to set the MPLCONFIGDIR environment variable to a writable directory, in particular to speed up the import of Matplotlib and to better support multiprocessing.
Matplotlib created a temporary config/cache directory at C:\Windows\TEMP\matplotlib-oyqyhywu because the default path (C:\Windows\system32\config\systemprofile\.matplotlib) is not a writable directory; it is highly recommended to set the MPLCONFIGDIR environment variable to a writable directory, in particular to speed up the import of Matplotlib and to better support multiprocessing.
Matplotlib created a temporary config/cache directory at C:\Windows\TEMP\matplotlib-7hwan9tp because the default path (C:\Windows\system32\config\systemprofile\.matplotlib) is not a writable directory; it is highly recommended to set the MPLCONFIGDIR environment variable to a writable directory, in particular to speed up the import of Matplotlib and to better support multiprocessing.
Not Found: /client/get_targets
Not Found: /upl.php
Not Found: /geoip/
Not Found: /favicon.ico
Not Found: /1.php
Not Found: /files/
Matplotlib created a temporary config/cache directory at C:\Windows\TEMP\matplotlib-4ijrescb because the default path (C:\Windows\system32\config\systemprofile\.matplotlib) is not a writable directory; it is highly recommended to set the MPLCONFIGDIR environment variable to a writable directory, in particular to speed up the import of Matplotlib and to better support multiprocessing.
Matplotlib created a temporary config/cache directory at C:\Windows\TEMP\matplotlib-vnc00l8f because the default path (C:\Windows\system32\config\systemprofile\.matplotlib) is not a writable directory; it is highly recommended to set the MPLCONFIGDIR environment variable to a writable directory, in particular to speed up the import of Matplotlib and to better support multiprocessing.
Not Found: /index.php
Not Found: /phpmyadmin/index.php
Matplotlib created a temporary config/cache directory at C:\Windows\TEMP\matplotlib-6_0yavds because the default path (C:\Windows\system32\config\systemprofile\.matplotlib) is not a writable directory; it is highly recommended to set the MPLCONFIGDIR environment variable to a writable directory, in particular to speed up the import of Matplotlib and to better support multiprocessing.
Matplotlib created a temporary config/cache directory at C:\Windows\TEMP\matplotlib-eoi9qgcg because the default path (C:\Windows\system32\config\systemprofile\.matplotlib) is not a writable directory; it is highly recommended to set the MPLCONFIGDIR environment variable to a writable directory, in particular to speed up the import of Matplotlib and to better support multiprocessing.
Not Found: /favicon.ico
Matplotlib created a temporary config/cache directory at C:\Windows\TEMP\matplotlib-2wblr0nq because the default path (C:\Windows\system32\config\systemprofile\.matplotlib) is not a writable directory; it is highly recommended to set the MPLCONFIGDIR environment variable to a writable directory, in particular to speed up the import of Matplotlib and to better support multiprocessing.
Matplotlib created a temporary config/cache directory at C:\Windows\TEMP\matplotlib-9rwx60rf because the default path (C:\Windows\system32\config\systemprofile\.matplotlib) is not a writable directory; it is highly recommended to set the MPLCONFIGDIR environment variable to a writable directory, in particular to speed up the import of Matplotlib and to better support multiprocessing.
Matplotlib created a temporary config/cache directory at C:\Windows\TEMP\matplotlib-67uvld3v because the default path (C:\Windows\system32\config\systemprofile\.matplotlib) is not a writable directory; it is highly recommended to set the MPLCONFIGDIR environment variable to a writable directory, in particular to speed up the import of Matplotlib and to better support multiprocessing.
Matplotlib created a temporary config/cache directory at C:\Windows\TEMP\matplotlib-z4imfivd because the default path (C:\Windows\system32\config\systemprofile\.matplotlib) is not a writable directory; it is highly recommended to set the MPLCONFIGDIR environment variable to a writable directory, in particular to speed up the import of Matplotlib and to better support multiprocessing.
Matplotlib created a temporary config/cache directory at C:\Windows\TEMP\matplotlib-rizk_cjq because the default path (C:\Windows\system32\config\systemprofile\.matplotlib) is not a writable directory; it is highly recommended to set the MPLCONFIGDIR environment variable to a writable directory, in particular to speed up the import of Matplotlib and to better support multiprocessing.
Matplotlib created a temporary config/cache directory at C:\Windows\TEMP\matplotlib-hi9_0d36 because the default path (C:\Windows\system32\config\systemprofile\.matplotlib) is not a writable directory; it is highly recommended to set the MPLCONFIGDIR environment variable to a writable directory, in particular to speed up the import of Matplotlib and to better support multiprocessing.
Matplotlib created a temporary config/cache directory at C:\Windows\TEMP\matplotlib-6ys6o1s5 because the default path (C:\Windows\system32\config\systemprofile\.matplotlib) is not a writable directory; it is highly recommended to set the MPLCONFIGDIR environment variable to a writable directory, in particular to speed up the import of Matplotlib and to better support multiprocessing.
Matplotlib created a temporary config/cache directory at C:\Windows\TEMP\matplotlib-bso5w1rg because the default path (C:\Windows\system32\config\systemprofile\.matplotlib) is not a writable directory; it is highly recommended to set the MPLCONFIGDIR environment variable to a writable directory, in particular to speed up the import of Matplotlib and to better support multiprocessing.
Matplotlib created a temporary config/cache directory at C:\Windows\TEMP\matplotlib-yfe8kmvt because the default path (C:\Windows\system32\config\systemprofile\.matplotlib) is not a writable directory; it is highly recommended to set the MPLCONFIGDIR environment variable to a writable directory, in particular to speed up the import of Matplotlib and to better support multiprocessing.
Matplotlib created a temporary config/cache directory at C:\Windows\TEMP\matplotlib-ihaa5t4y because the default path (C:\Windows\system32\config\systemprofile\.matplotlib) is not a writable directory; it is highly recommended to set the MPLCONFIGDIR environment variable to a writable directory, in particular to speed up the import of Matplotlib and to better support multiprocessing.
Matplotlib created a temporary config/cache directory at C:\Windows\TEMP\matplotlib-y7txs3um because the default path (C:\Windows\system32\config\systemprofile\.matplotlib) is not a writable directory; it is highly recommended to set the MPLCONFIGDIR environment variable to a writable directory, in particular to speed up the import of Matplotlib and to better support multiprocessing.
Matplotlib created a temporary config/cache directory at C:\Windows\TEMP\matplotlib-yppz9ddn because the default path (C:\Windows\system32\config\systemprofile\.matplotlib) is not a writable directory; it is highly recommended to set the MPLCONFIGDIR environment variable to a writable directory, in particular to speed up the import of Matplotlib and to better support multiprocessing.
Not Found: /favicon.ico
Not Found: /favicon.ico
Not Found: /favicon.ico
Not Found: /favicon.ico
Not Found: /favicon.ico
Matplotlib created a temporary config/cache directory at C:\Windows\TEMP\matplotlib-4954b_hs because the default path (C:\Windows\system32\config\systemprofile\.matplotlib) is not a writable directory; it is highly recommended to set the MPLCONFIGDIR environment variable to a writable directory, in particular to speed up the import of Matplotlib and to better support multiprocessing.
Matplotlib created a temporary config/cache directory at C:\Windows\TEMP\matplotlib-shozhoff because the default path (C:\Windows\system32\config\systemprofile\.matplotlib) is not a writable directory; it is highly recommended to set the MPLCONFIGDIR environment variable to a writable directory, in particular to speed up the import of Matplotlib and to better support multiprocessing.
Not Found: /favicon.ico
Matplotlib created a temporary config/cache directory at C:\Windows\TEMP\matplotlib-jq2nlhuz because the default path (C:\Windows\system32\config\systemprofile\.matplotlib) is not a writable directory; it is highly recommended to set the MPLCONFIGDIR environment variable to a writable directory, in particular to speed up the import of Matplotlib and to better support multiprocessing.
Matplotlib created a temporary config/cache directory at C:\Windows\TEMP\matplotlib-j73c4g6v because the default path (C:\Windows\system32\config\systemprofile\.matplotlib) is not a writable directory; it is highly recommended to set the MPLCONFIGDIR environment variable to a writable directory, in particular to speed up the import of Matplotlib and to better support multiprocessing.
Matplotlib created a temporary config/cache directory at C:\Windows\TEMP\matplotlib-zczcy8fw because the default path (C:\Windows\system32\config\systemprofile\.matplotlib) is not a writable directory; it is highly recommended to set the MPLCONFIGDIR environment variable to a writable directory, in particular to speed up the import of Matplotlib and to better support multiprocessing.
Matplotlib created a temporary config/cache directory at C:\Windows\TEMP\matplotlib-mjh_h5yj because the default path (C:\Windows\system32\config\systemprofile\.matplotlib) is not a writable directory; it is highly recommended to set the MPLCONFIGDIR environment variable to a writable directory, in particular to speed up the import of Matplotlib and to better support multiprocessing.
Matplotlib created a temporary config/cache directory at C:\Windows\TEMP\matplotlib-v8zwh2dv because the default path (C:\Windows\system32\config\systemprofile\.matplotlib) is not a writable directory; it is highly recommended to set the MPLCONFIGDIR environment variable to a writable directory, in particular to speed up the import of Matplotlib and to better support multiprocessing.
Not Found: /favicon.ico
Not Found: /favicon.ico
Not Found: /favicon.ico
Not Found: /shell
Matplotlib created a temporary config/cache directory at C:\Windows\TEMP\matplotlib-qoterksu because the default path (C:\Windows\system32\config\systemprofile\.matplotlib) is not a writable directory; it is highly recommended to set the MPLCONFIGDIR environment variable to a writable directory, in particular to speed up the import of Matplotlib and to better support multiprocessing.
Matplotlib created a temporary config/cache directory at C:\Windows\TEMP\matplotlib-gv_j6d_2 because the default path (C:\Windows\system32\config\systemprofile\.matplotlib) is not a writable directory; it is highly recommended to set the MPLCONFIGDIR environment variable to a writable directory, in particular to speed up the import of Matplotlib and to better support multiprocessing.
Matplotlib created a temporary config/cache directory at C:\Windows\TEMP\matplotlib-2csold7t because the default path (C:\Windows\system32\config\systemprofile\.matplotlib) is not a writable directory; it is highly recommended to set the MPLCONFIGDIR environment variable to a writable directory, in particular to speed up the import of Matplotlib and to better support multiprocessing.
Matplotlib created a temporary config/cache directory at C:\Windows\TEMP\matplotlib-d0x05f6d because the default path (C:\Windows\system32\config\systemprofile\.matplotlib) is not a writable directory; it is highly recommended to set the MPLCONFIGDIR environment variable to a writable directory, in particular to speed up the import of Matplotlib and to better support multiprocessing.
Matplotlib created a temporary config/cache directory at C:\Windows\TEMP\matplotlib-t7xy9ls6 because the default path (C:\Windows\system32\config\systemprofile\.matplotlib) is not a writable directory; it is highly recommended to set the MPLCONFIGDIR environment variable to a writable directory, in particular to speed up the import of Matplotlib and to better support multiprocessing.
Not Found: /favicon.ico
Not Found: /shell
Not Found: /.env
Matplotlib created a temporary config/cache directory at C:\Windows\TEMP\matplotlib-gk3hfkf2 because the default path (C:\Windows\system32\config\systemprofile\.matplotlib) is not a writable directory; it is highly recommended to set the MPLCONFIGDIR environment variable to a writable directory, in particular to speed up the import of Matplotlib and to better support multiprocessing.
Not Found: /.git/config
Not Found: /upl.php
Not Found: /geoip/
Not Found: /favicon.ico
Not Found: /1.php
Not Found: /bundle.js
Matplotlib created a temporary config/cache directory at C:\Windows\TEMP\matplotlib-x0lv66wk because the default path (C:\Windows\system32\config\systemprofile\.matplotlib) is not a writable directory; it is highly recommended to set the MPLCONFIGDIR environment variable to a writable directory, in particular to speed up the import of Matplotlib and to better support multiprocessing.
Not Found: /.env
Matplotlib created a temporary config/cache directory at C:\Windows\TEMP\matplotlib-0479a5d0 because the default path (C:\Windows\system32\config\systemprofile\.matplotlib) is not a writable directory; it is highly recommended to set the MPLCONFIGDIR environment variable to a writable directory, in particular to speed up the import of Matplotlib and to better support multiprocessing.
Not Found: /.env
Not Found: /.env.save
Not Found: /.env.php
Not Found: /beta/.env
Not Found: /prod/.env
Not Found: /env.js
Forbidden (CSRF cookie not set.): /
Not Found: /phpinfo
Not Found: /phpinfo.php
Not Found: /hudson
Matplotlib created a temporary config/cache directory at C:\Windows\TEMP\matplotlib-xrpkxbno because the default path (C:\Windows\system32\config\systemprofile\.matplotlib) is not a writable directory; it is highly recommended to set the MPLCONFIGDIR environment variable to a writable directory, in particular to speed up the import of Matplotlib and to better support multiprocessing.
Not Found: /proxychecker/index.php
Matplotlib created a temporary config/cache directory at C:\Windows\TEMP\matplotlib-nor67gwc because the default path (C:\Windows\system32\config\systemprofile\.matplotlib) is not a writable directory; it is highly recommended to set the MPLCONFIGDIR environment variable to a writable directory, in particular to speed up the import of Matplotlib and to better support multiprocessing.
Not Found: /.env
Matplotlib created a temporary config/cache directory at C:\Windows\TEMP\matplotlib-7_fffdza because the default path (C:\Windows\system32\config\systemprofile\.matplotlib) is not a writable directory; it is highly recommended to set the MPLCONFIGDIR environment variable to a writable directory, in particular to speed up the import of Matplotlib and to better support multiprocessing.
Matplotlib created a temporary config/cache directory at C:\Windows\TEMP\matplotlib-rdppesq_ because the default path (C:\Windows\system32\config\systemprofile\.matplotlib) is not a writable directory; it is highly recommended to set the MPLCONFIGDIR environment variable to a writable directory, in particular to speed up the import of Matplotlib and to better support multiprocessing.
Not Found: /.env
Matplotlib created a temporary config/cache directory at C:\Windows\TEMP\matplotlib-blmvm22a because the default path (C:\Windows\system32\config\systemprofile\.matplotlib) is not a writable directory; it is highly recommended to set the MPLCONFIGDIR environment variable to a writable directory, in particular to speed up the import of Matplotlib and to better support multiprocessing.
Not Found: /.env
Forbidden (CSRF cookie not set.): /
Matplotlib created a temporary config/cache directory at C:\Windows\TEMP\matplotlib-6gpbexwv because the default path (C:\Windows\system32\config\systemprofile\.matplotlib) is not a writable directory; it is highly recommended to set the MPLCONFIGDIR environment variable to a writable directory, in particular to speed up the import of Matplotlib and to better support multiprocessing.
Matplotlib created a temporary config/cache directory at C:\Windows\TEMP\matplotlib-o_fnlgy3 because the default path (C:\Windows\system32\config\systemprofile\.matplotlib) is not a writable directory; it is highly recommended to set the MPLCONFIGDIR environment variable to a writable directory, in particular to speed up the import of Matplotlib and to better support multiprocessing.
Matplotlib created a temporary config/cache directory at C:\Windows\TEMP\matplotlib-ta1maa_a because the default path (C:\Windows\system32\config\systemprofile\.matplotlib) is not a writable directory; it is highly recommended to set the MPLCONFIGDIR environment variable to a writable directory, in particular to speed up the import of Matplotlib and to better support multiprocessing.
Matplotlib created a temporary config/cache directory at C:\Windows\TEMP\matplotlib-rg8g235j because the default path (C:\Windows\system32\config\systemprofile\.matplotlib) is not a writable directory; it is highly recommended to set the MPLCONFIGDIR environment variable to a writable directory, in particular to speed up the import of Matplotlib and to better support multiprocessing.
Not Found: /config/getuser
Not Found: /client/get_targets
Matplotlib created a temporary config/cache directory at C:\Windows\TEMP\matplotlib-4j4bjcmh because the default path (C:\Windows\system32\config\systemprofile\.matplotlib) is not a writable directory; it is highly recommended to set the MPLCONFIGDIR environment variable to a writable directory, in particular to speed up the import of Matplotlib and to better support multiprocessing.
Not Found: /actuator/health
Not Found: /portal/redlion
Matplotlib created a temporary config/cache directory at C:\Windows\TEMP\matplotlib-dsahtrkv because the default path (C:\Windows\system32\config\systemprofile\.matplotlib) is not a writable directory; it is highly recommended to set the MPLCONFIGDIR environment variable to a writable directory, in particular to speed up the import of Matplotlib and to better support multiprocessing.
Not Found: /boaform/admin/formLogin
Not Found: /favicon.ico
Not Found: /proxychecker/index.php
Matplotlib created a temporary config/cache directory at C:\Windows\TEMP\matplotlib-68yedtht because the default path (C:\Windows\system32\config\systemprofile\.matplotlib) is not a writable directory; it is highly recommended to set the MPLCONFIGDIR environment variable to a writable directory, in particular to speed up the import of Matplotlib and to better support multiprocessing.
Not Found: /boaform/admin/formLogin
Matplotlib created a temporary config/cache directory at C:\Windows\TEMP\matplotlib-wvaa13y2 because the default path (C:\Windows\system32\config\systemprofile\.matplotlib) is not a writable directory; it is highly recommended to set the MPLCONFIGDIR environment variable to a writable directory, in particular to speed up the import of Matplotlib and to better support multiprocessing.
Matplotlib created a temporary config/cache directory at C:\Windows\TEMP\matplotlib-_gjtnj8e because the default path (C:\Windows\system32\config\systemprofile\.matplotlib) is not a writable directory; it is highly recommended to set the MPLCONFIGDIR environment variable to a writable directory, in particular to speed up the import of Matplotlib and to better support multiprocessing.
Matplotlib created a temporary config/cache directory at C:\Windows\TEMP\matplotlib-cwd6ox5z because the default path (C:\Windows\system32\config\systemprofile\.matplotlib) is not a writable directory; it is highly recommended to set the MPLCONFIGDIR environment variable to a writable directory, in particular to speed up the import of Matplotlib and to better support multiprocessing.
Not Found: /sdk
Not Found: /Portal/Portal.mwsl
Not Found: /Portal0000.htm
Not Found: /nmaplowercheck1688929792
Not Found: /docs/cplugError.html/
Not Found: /HNAP1
Not Found: /__Additional
Not Found: /home.cfm
Not Found: /CSS/Miniweb.css
Not Found: /Jos0
Not Found: /scripts/WPnBr.dll
Not Found: /pools/default/buckets
Not Found: /start.aspx
Not Found: /pools
Not Found: /base.cfm
Not Found: /index.shtml
Not Found: /main.jhtml
Not Found: /menu.aspx
Not Found: /base.jsp
Not Found: /base.shtml
Not Found: /base.aspx
Not Found: /indice.cfm
Not Found: /main.jsp
Not Found: /localstart.jsp
Not Found: /indice.jhtml
Not Found: /home.jsa
Not Found: /admin.jsp
Not Found: /index.cgi
Not Found: /admin.pl
Not Found: /index.php
Not Found: /admin.php
Not Found: /index.jsa
Not Found: /admin.shtml
Not Found: /admin.jsa
Matplotlib created a temporary config/cache directory at C:\Windows\TEMP\matplotlib-ukho7dz6 because the default path (C:\Windows\system32\config\systemprofile\.matplotlib) is not a writable directory; it is highly recommended to set the MPLCONFIGDIR environment variable to a writable directory, in particular to speed up the import of Matplotlib and to better support multiprocessing.
Matplotlib created a temporary config/cache directory at C:\Windows\TEMP\matplotlib-_h34n1nm because the default path (C:\Windows\system32\config\systemprofile\.matplotlib) is not a writable directory; it is highly recommended to set the MPLCONFIGDIR environment variable to a writable directory, in particular to speed up the import of Matplotlib and to better support multiprocessing.
Not Found: /home.jhtml
Not Found: /home.cgi
Not Found: /inicio.jsa
Not Found: /default.cfm
Not Found: /start.asp
Not Found: /index.jsp
Not Found: /menu.jsa
Not Found: /admin.html
Not Found: /localstart.php
Not Found: /admin.cgi
Not Found: /admin.cfm
Not Found: /admin.aspx
Not Found: /menu.jsp
Not Found: /.git/HEAD
Not Found: /main.asp
Not Found: /readme.txt
Not Found: /default.pl
Not Found: /start.html
Not Found: /index.cfm
Not Found: /base.pl
Not Found: /favicon.ico
Not Found: /base.php
Not Found: /robots.txt
Not Found: /start.shtml
Not Found: /base.jsa
Not Found: /base.jhtml
Not Found: /index.html
Not Found: /base.inc
Not Found: /base.html
Not Found: /inicio.aspx
Not Found: /base.asp
Not Found: /localstart.shtml
Not Found: /indice.shtml
Not Found: /main.shtml
Not Found: /indice.pl
Not Found: /default.jsa
Not Found: /localstart.cfm
Not Found: /inicio.pl
Not Found: /main.php
Not Found: /indice.cgi
Not Found: /localstart.jhtml
Not Found: /admin.jhtml
Not Found: /start.jhtml
Not Found: /start.php
Not Found: /inicio.php
Not Found: /main.html
Not Found: /home.jsp
Not Found: /indice.aspx
Not Found: /inicio.cfm
Not Found: /main.aspx
Not Found: /home.php
Not Found: /start.cgi
Not Found: /menu.cgi
Not Found: /home.html
Not Found: /inicio.shtml
Not Found: /indice.php
Not Found: /inicio.jsp
Not Found: /localstart.cgi
Not Found: /index.jhtml
Not Found: /inicio.jhtml
Not Found: /home.aspx
Not Found: /home.shtml
Not Found: /default.aspx
Not Found: /menu.jhtml
Not Found: /indice.jsa
Not Found: /base.cgi
Not Found: /index.aspx
Not Found: /menu.pl
Not Found: /menu.asp
Not Found: /start.jsa
Not Found: /start.pl
Not Found: /default.php
Not Found: /inicio.asp
Not Found: /indice.html
Not Found: /localstart.jsa
Not Found: /indice.jsp
Not Found: /indice.asp
Not Found: /localstart.asp
Not Found: /inicio.cgi
Not Found: /main.pl
Not Found: /start.jsp
Not Found: /index.asp
Not Found: /menu.php
Not Found: /localstart.aspx
Not Found: /default.shtml
Not Found: /localstart.html
Not Found: /default.asp
Not Found: /menu.shtml
Not Found: /default.cgi
Not Found: /home.asp
Not Found: /menu.html
Not Found: /localstart.pl
Not Found: /main.cfm
Not Found: /main.jsa
Not Found: /default.jhtml
Not Found: /start.cfm
Not Found: /default.jsp
Not Found: /default.html
Not Found: /admin.asp
Not Found: /inicio.html
Not Found: /index.pl
Not Found: /menu.cfm
Not Found: /home.pl
Not Found: /main.cgi
Matplotlib created a temporary config/cache directory at C:\Windows\TEMP\matplotlib-ai2khxi2 because the default path (C:\Windows\system32\config\systemprofile\.matplotlib) is not a writable directory; it is highly recommended to set the MPLCONFIGDIR environment variable to a writable directory, in particular to speed up the import of Matplotlib and to better support multiprocessing.
Matplotlib created a temporary config/cache directory at C:\Windows\TEMP\matplotlib-5g39z5q0 because the default path (C:\Windows\system32\config\systemprofile\.matplotlib) is not a writable directory; it is highly recommended to set the MPLCONFIGDIR environment variable to a writable directory, in particular to speed up the import of Matplotlib and to better support multiprocessing.
Matplotlib created a temporary config/cache directory at C:\Windows\TEMP\matplotlib-w8etdirx because the default path (C:\Windows\system32\config\systemprofile\.matplotlib) is not a writable directory; it is highly recommended to set the MPLCONFIGDIR environment variable to a writable directory, in particular to speed up the import of Matplotlib and to better support multiprocessing.
Matplotlib created a temporary config/cache directory at C:\Windows\TEMP\matplotlib-ymfvxqi7 because the default path (C:\Windows\system32\config\systemprofile\.matplotlib) is not a writable directory; it is highly recommended to set the MPLCONFIGDIR environment variable to a writable directory, in particular to speed up the import of Matplotlib and to better support multiprocessing.
Not Found: /.env
Not Found: /.env
Not Found: /wp-content/
Matplotlib created a temporary config/cache directory at C:\Windows\TEMP\matplotlib-vhdeorc3 because the default path (C:\Windows\system32\config\systemprofile\.matplotlib) is not a writable directory; it is highly recommended to set the MPLCONFIGDIR environment variable to a writable directory, in particular to speed up the import of Matplotlib and to better support multiprocessing.
Not Found: /1.php
Not Found: /bundle.js
Not Found: /files/
Matplotlib created a temporary config/cache directory at C:\Windows\TEMP\matplotlib-4vw2jv1s because the default path (C:\Windows\system32\config\systemprofile\.matplotlib) is not a writable directory; it is highly recommended to set the MPLCONFIGDIR environment variable to a writable directory, in particular to speed up the import of Matplotlib and to better support multiprocessing.
Matplotlib created a temporary config/cache directory at C:\Windows\TEMP\matplotlib-du5sg8v1 because the default path (C:\Windows\system32\config\systemprofile\.matplotlib) is not a writable directory; it is highly recommended to set the MPLCONFIGDIR environment variable to a writable directory, in particular to speed up the import of Matplotlib and to better support multiprocessing.
Not Found: /favicon.ico
Not Found: /manage/account/login
Matplotlib created a temporary config/cache directory at C:\Windows\TEMP\matplotlib-v3upb0r7 because the default path (C:\Windows\system32\config\systemprofile\.matplotlib) is not a writable directory; it is highly recommended to set the MPLCONFIGDIR environment variable to a writable directory, in particular to speed up the import of Matplotlib and to better support multiprocessing.
Not Found: /index.html
Matplotlib created a temporary config/cache directory at C:\Windows\TEMP\matplotlib-kfzmf6md because the default path (C:\Windows\system32\config\systemprofile\.matplotlib) is not a writable directory; it is highly recommended to set the MPLCONFIGDIR environment variable to a writable directory, in particular to speed up the import of Matplotlib and to better support multiprocessing.
Matplotlib created a temporary config/cache directory at C:\Windows\TEMP\matplotlib-r2p8btm7 because the default path (C:\Windows\system32\config\systemprofile\.matplotlib) is not a writable directory; it is highly recommended to set the MPLCONFIGDIR environment variable to a writable directory, in particular to speed up the import of Matplotlib and to better support multiprocessing.
Not Found: /cgi-bin/login.cgi
Matplotlib created a temporary config/cache directory at C:\Windows\TEMP\matplotlib-hm23v24o because the default path (C:\Windows\system32\config\systemprofile\.matplotlib) is not a writable directory; it is highly recommended to set the MPLCONFIGDIR environment variable to a writable directory, in particular to speed up the import of Matplotlib and to better support multiprocessing.
Matplotlib created a temporary config/cache directory at C:\Windows\TEMP\matplotlib-r1nkgoig because the default path (C:\Windows\system32\config\systemprofile\.matplotlib) is not a writable directory; it is highly recommended to set the MPLCONFIGDIR environment variable to a writable directory, in particular to speed up the import of Matplotlib and to better support multiprocessing.
Matplotlib created a temporary config/cache directory at C:\Windows\TEMP\matplotlib-ubjdbmg1 because the default path (C:\Windows\system32\config\systemprofile\.matplotlib) is not a writable directory; it is highly recommended to set the MPLCONFIGDIR environment variable to a writable directory, in particular to speed up the import of Matplotlib and to better support multiprocessing.
Matplotlib created a temporary config/cache directory at C:\Windows\TEMP\matplotlib-0trub9wa because the default path (C:\Windows\system32\config\systemprofile\.matplotlib) is not a writable directory; it is highly recommended to set the MPLCONFIGDIR environment variable to a writable directory, in particular to speed up the import of Matplotlib and to better support multiprocessing.
Not Found: /.env
Not Found: /.env
Not Found: /wp-content/
Matplotlib created a temporary config/cache directory at C:\Windows\TEMP\matplotlib-cymvpdp8 because the default path (C:\Windows\system32\config\systemprofile\.matplotlib) is not a writable directory; it is highly recommended to set the MPLCONFIGDIR environment variable to a writable directory, in particular to speed up the import of Matplotlib and to better support multiprocessing.
Matplotlib created a temporary config/cache directory at C:\Windows\TEMP\matplotlib-e4gxts4b because the default path (C:\Windows\system32\config\systemprofile\.matplotlib) is not a writable directory; it is highly recommended to set the MPLCONFIGDIR environment variable to a writable directory, in particular to speed up the import of Matplotlib and to better support multiprocessing.
Matplotlib created a temporary config/cache directory at C:\Windows\TEMP\matplotlib-xlc14edg because the default path (C:\Windows\system32\config\systemprofile\.matplotlib) is not a writable directory; it is highly recommended to set the MPLCONFIGDIR environment variable to a writable directory, in particular to speed up the import of Matplotlib and to better support multiprocessing.
Not Found: /.svn/wc.db
Matplotlib created a temporary config/cache directory at C:\Windows\TEMP\matplotlib-sjsm4kxz because the default path (C:\Windows\system32\config\systemprofile\.matplotlib) is not a writable directory; it is highly recommended to set the MPLCONFIGDIR environment variable to a writable directory, in particular to speed up the import of Matplotlib and to better support multiprocessing.
Not Found: /boaform/admin/formLogin
Matplotlib created a temporary config/cache directory at C:\Windows\TEMP\matplotlib-s2rwnhmi because the default path (C:\Windows\system32\config\systemprofile\.matplotlib) is not a writable directory; it is highly recommended to set the MPLCONFIGDIR environment variable to a writable directory, in particular to speed up the import of Matplotlib and to better support multiprocessing.
Not Found: /.env
Not Found: /wp-content/
Matplotlib created a temporary config/cache directory at C:\Windows\TEMP\matplotlib-_6ezu58t because the default path (C:\Windows\system32\config\systemprofile\.matplotlib) is not a writable directory; it is highly recommended to set the MPLCONFIGDIR environment variable to a writable directory, in particular to speed up the import of Matplotlib and to better support multiprocessing.
Not Found: /.env
Not Found: /.env
Not Found: /wp-content/
Matplotlib created a temporary config/cache directory at C:\Windows\TEMP\matplotlib-r6xok59_ because the default path (C:\Windows\system32\config\systemprofile\.matplotlib) is not a writable directory; it is highly recommended to set the MPLCONFIGDIR environment variable to a writable directory, in particular to speed up the import of Matplotlib and to better support multiprocessing.
Not Found: /boaform/admin/formLogin
Matplotlib created a temporary config/cache directory at C:\Windows\TEMP\matplotlib-k_9embz4 because the default path (C:\Windows\system32\config\systemprofile\.matplotlib) is not a writable directory; it is highly recommended to set the MPLCONFIGDIR environment variable to a writable directory, in particular to speed up the import of Matplotlib and to better support multiprocessing.
Matplotlib created a temporary config/cache directory at C:\Windows\TEMP\matplotlib-17iw13vr because the default path (C:\Windows\system32\config\systemprofile\.matplotlib) is not a writable directory; it is highly recommended to set the MPLCONFIGDIR environment variable to a writable directory, in particular to speed up the import of Matplotlib and to better support multiprocessing.
Matplotlib created a temporary config/cache directory at C:\Windows\TEMP\matplotlib-rf4dzfk5 because the default path (C:\Windows\system32\config\systemprofile\.matplotlib) is not a writable directory; it is highly recommended to set the MPLCONFIGDIR environment variable to a writable directory, in particular to speed up the import of Matplotlib and to better support multiprocessing.
Matplotlib created a temporary config/cache directory at C:\Windows\TEMP\matplotlib-rkxuviyi because the default path (C:\Windows\system32\config\systemprofile\.matplotlib) is not a writable directory; it is highly recommended to set the MPLCONFIGDIR environment variable to a writable directory, in particular to speed up the import of Matplotlib and to better support multiprocessing.
Not Found: /favicon.ico
Not Found: /favicon.ico
Not Found: /favicon.ico
Not Found: /favicon.ico
Not Found: /favicon.ico
Not Found: /boaform/admin/formLogin
Not Found: /favicon.ico
Not Found: /favicon.ico
Not Found: /favicon.ico
Not Found: /favicon.ico
Not Found: /Autodiscover/Autodiscover.xml
Not Found: /vendor/phpunit/phpunit/src/Util/PHP/eval-stdin.php
Not Found: /vendor/phpunit/phpunit/src/Util/PHP/eval-stdin.php
Not Found: /solr/admin/info/system
Not Found: /index.php
Not Found: /.env
Not Found: /wp-content/
Not Found: /favicon.ico
Not Found: /favicon.ico
Not Found: /favicon.ico
Not Found: /favicon.ico
Not Found: /favicon.ico
Not Found: /favicon.ico
Not Found: /favicon.ico
Not Found: /favicon.ico
Not Found: /favicon.ico
Not Found: /favicon.ico
Not Found: /favicon.ico
Not Found: /favicon.ico
Not Found: /favicon.ico
Not Found: /favicon.ico
Not Found: /favicon.ico
Not Found: /favicon.ico
Not Found: /favicon.ico
Not Found: /favicon.ico
Not Found: /favicon.ico
Not Found: /favicon.ico
Not Found: /favicon.ico
Not Found: /favicon.ico
Not Found: /favicon.ico
Not Found: /favicon.ico
Not Found: /favicon.ico
Not Found: /favicon.ico
Not Found: /favicon.ico
Not Found: /favicon.ico
Not Found: /favicon.ico
Not Found: /favicon.ico
Not Found: /favicon.ico
Not Found: /favicon.ico
Not Found: /favicon.ico
Not Found: /favicon.ico
Not Found: /favicon.ico
Not Found: /favicon.ico
Not Found: /favicon.ico
Not Found: /favicon.ico
Not Found: /.env
Not Found: /favicon.ico
Not Found: /favicon.ico
Not Found: /favicon.ico
Not Found: /console/
Internal Server Error: /upload-layers/
Traceback (most recent call last):
  File "C:\Users\Administrator\anaconda3\lib\site-packages\django\core\handlers\exception.py", line 56, in inner
    response = get_response(request)
  File "C:\Users\Administrator\anaconda3\lib\site-packages\django\core\handlers\base.py", line 204, in _get_response
    self.check_response(response, callback)
  File "C:\Users\Administrator\anaconda3\lib\site-packages\django\core\handlers\base.py", line 332, in check_response
    raise ValueError(
ValueError: The view userRegistration.views.upload_layers didn't return an HttpResponse object. It returned None instead.
Internal Server Error: /upload-layers/
Traceback (most recent call last):
  File "C:\Users\Administrator\anaconda3\lib\site-packages\django\core\handlers\exception.py", line 56, in inner
    response = get_response(request)
  File "C:\Users\Administrator\anaconda3\lib\site-packages\django\core\handlers\base.py", line 204, in _get_response
    self.check_response(response, callback)
  File "C:\Users\Administrator\anaconda3\lib\site-packages\django\core\handlers\base.py", line 332, in check_response
    raise ValueError(
ValueError: The view userRegistration.views.upload_layers didn't return an HttpResponse object. It returned None instead.
Internal Server Error: /generate-nfts-layers
Traceback (most recent call last):
  File "C:\Users\Administrator\anaconda3\lib\site-packages\django\core\handlers\exception.py", line 56, in inner
    response = get_response(request)
  File "C:\Users\Administrator\anaconda3\lib\site-packages\django\core\handlers\base.py", line 197, in _get_response
    response = wrapped_callback(request, *callback_args, **callback_kwargs)
  File "C:\Users\Administrator\Desktop\djangoNftGenerator\nftgen\userRegistration\views.py", line 336, in generate_nfts_Layers
    'seller_fee_basis_points': int(sellerfee) * 100,
ValueError: invalid literal for int() with base 10: 'tesnin'
Not Found: /_ignition/execute-solution
Not Found: /favicon.ico
Not Found: /favicon.ico
Not Found: /setup.cgi
Not Found: /favicon.ico
Not Found: /favicon.ico
Not Found: /client/get_targets
Not Found: /upl.php
Not Found: /actuator/gateway/routes
Not Found: /geoserver
Not Found: /boaform/admin/formLogin
Not Found: /.env
Not Found: /wp-content/
Not Found: /druid/index.html
Not Found: /nmaplowercheck1689032320
Not Found: /HNAP1
Not Found: /evox/about
Not Found: /sdk
Not Found: /boaform/admin/formLogin
Not Found: /95758036
Not Found: /.hg/hgrc
Not Found: /aaa9
Not Found: /aab8
Not Found: /favicon.ico
Not Found: /favicon.ico
Not Found: /aaa9
Not Found: /aab8
Not Found: /favicon.ico
Not Found: /favicon.ico
Not Found: /favicon.ico
Not Found: /favicon.ico
Not Found: /favicon.ico
Not Found: /favicon.ico
Not Found: /favicon.ico
Not Found: /favicon.ico
Not Found: /.env
Not Found: /wp-content/
Not Found: /aaa9
Not Found: /aab8
Not Found: /.env
Not Found: /wp-content/
Not Found: /.env
Forbidden (CSRF cookie not set.): /
Not Found: /favicon.ico
Not Found: /favicon.ico
Not Found: /robots.txt
Not Found: /.well-known/security.txt
Not Found: /client/get_targets
Not Found: /upl.php
Not Found: /favicon.ico
Not Found: /1.php
Not Found: /bundle.js
Not Found: /.env
Not Found: /wp-content/
Not Found: /config/getuser
Not Found: /.git/config
Not Found: /favicon.ico
Not Found: /.env
Forbidden (CSRF cookie not set.): /
Not Found: /favicon.ico
Not Found: /shell
Not Found: /ReportServer
Not Found: /geoip/
Not Found: /Autodiscover/Autodiscover.xml
Not Found: /vendor/phpunit/phpunit/src/Util/PHP/eval-stdin.php
Not Found: /vendor/phpunit/phpunit/src/Util/PHP/eval-stdin.php
Not Found: /solr/admin/info/system
Not Found: /index.php
Not Found: /manager/text/list
Not Found: /console/
Not Found: /.env
Forbidden (CSRF cookie not set.): /
Not Found: /_ignition/execute-solution
Not Found: /favicon.ico
Not Found: /actuator/gateway/routes
Not Found: /.env
Forbidden (CSRF cookie not set.): /
Not Found: /geoserver
Not Found: /.aws/credentials
Not Found: /wp-includes/css/buttons.css
Not Found: /media/system/js/core.js
Not Found: /.env
Forbidden (CSRF cookie not set.): /
Not Found: /host-manager/html
Not Found: /boaform/admin/formLogin
Not Found: /manager/html
Not Found: /wsman
Not Found: /api/sonicos/auth
Not Found: /api/sonicos/tfa
Not Found: /sslvpnLogin.html
Not Found: /auth1.html
Not Found: /auth.html
Not Found: /.git/config
Not Found: /boaform/admin/formLogin
Not Found: /favicon.ico
Not Found: /robots.txt
Not Found: /.well-known/security.txt
Not Found: /.env
Not Found: /favicon-32x32.png
Not Found: /favicon.ico
Not Found: /hudson
Not Found: /favicon.ico
Not Found: /robots.txt
Not Found: /favicon.ico
Not Found: /portal/redlion
Not Found: /actuator/health
Not Found: /geoip/
Not Found: /shell
Not Found: /_phpMyAdmin/scripts/setup.php
Not Found: /Autodiscover/Autodiscover.xml
Not Found: /favicon.ico
Not Found: /vendor/phpunit/phpunit/src/Util/PHP/eval-stdin.php
Not Found: /vendor/phpunit/phpunit/src/Util/PHP/eval-stdin.php
Not Found: /solr/admin/info/system
Not Found: /index.php
Not Found: /client/get_targets
Not Found: /.env
Not Found: /console/
Not Found: /_ignition/execute-solution
Not Found: /cf_scripts/scripts/ajax/ckeditor/ckeditor.js
Not Found: /boaform/admin/formLogin
Not Found: /upl.php
Not Found: /bundle.js
Not Found: /favicon.ico
Not Found: /shell
Not Found: /actuator/gateway/routes
Not Found: /favicon.ico
Not Found: /geoserver/web/
Not Found: /aaa9
Not Found: /aab8
Not Found: /geoserver
Internal Server Error: /
Traceback (most recent call last):
  File "C:\Users\Administrator\Desktop\djangoNftGenerator\.venv\lib\site-packages\django\core\handlers\exception.py", line 56, in inner
    response = get_response(request)
  File "C:\Users\Administrator\Desktop\djangoNftGenerator\.venv\lib\site-packages\django\core\handlers\base.py", line 197, in _get_response
    response = wrapped_callback(request, *callback_args, **callback_kwargs)
  File "C:\Users\Administrator\Desktop\djangoNftGenerator\nftgen\userRegistration\views.py", line 57, in layers
    return render(request, 'uploadsLayers.html', {'nftForm': gennftForm})
  File "C:\Users\Administrator\Desktop\djangoNftGenerator\.venv\lib\site-packages\django\shortcuts.py", line 24, in render
    content = loader.render_to_string(template_name, context, request, using=using)
  File "C:\Users\Administrator\Desktop\djangoNftGenerator\.venv\lib\site-packages\django\template\loader.py", line 62, in render_to_string
    return template.render(context, request)
  File "C:\Users\Administrator\Desktop\djangoNftGenerator\.venv\lib\site-packages\django\template\backends\django.py", line 61, in render
    return self.template.render(context)
  File "C:\Users\Administrator\Desktop\djangoNftGenerator\.venv\lib\site-packages\django\template\base.py", line 175, in render
    return self._render(context)
  File "C:\Users\Administrator\Desktop\djangoNftGenerator\.venv\lib\site-packages\django\template\base.py", line 167, in _render
    return self.nodelist.render(context)
  File "C:\Users\Administrator\Desktop\djangoNftGenerator\.venv\lib\site-packages\django\template\base.py", line 1005, in render
    return SafeString("".join([node.render_annotated(context) for node in self]))
  File "C:\Users\Administrator\Desktop\djangoNftGenerator\.venv\lib\site-packages\django\template\base.py", line 1005, in <listcomp>
    return SafeString("".join([node.render_annotated(context) for node in self]))
  File "C:\Users\Administrator\Desktop\djangoNftGenerator\.venv\lib\site-packages\django\template\base.py", line 966, in render_annotated
    return self.render(context)
  File "C:\Users\Administrator\Desktop\djangoNftGenerator\.venv\lib\site-packages\django\templatetags\static.py", line 116, in render
    url = self.url(context)
  File "C:\Users\Administrator\Desktop\djangoNftGenerator\.venv\lib\site-packages\django\templatetags\static.py", line 113, in url
    return self.handle_simple(path)
  File "C:\Users\Administrator\Desktop\djangoNftGenerator\.venv\lib\site-packages\django\templatetags\static.py", line 129, in handle_simple
    return staticfiles_storage.url(path)
  File "C:\Users\Administrator\Desktop\djangoNftGenerator\.venv\lib\site-packages\django\contrib\staticfiles\storage.py", line 173, in url
    return self._url(self.stored_name, name, force)
  File "C:\Users\Administrator\Desktop\djangoNftGenerator\.venv\lib\site-packages\django\contrib\staticfiles\storage.py", line 152, in _url
    hashed_name = hashed_name_func(*args)
  File "C:\Users\Administrator\Desktop\djangoNftGenerator\.venv\lib\site-packages\django\contrib\staticfiles\storage.py", line 472, in stored_name
    raise ValueError(
ValueError: Missing staticfiles manifest entry for 'css/style.css'
Internal Server Error: /
Traceback (most recent call last):
  File "C:\Users\Administrator\Desktop\djangoNftGenerator\.venv\lib\site-packages\django\core\handlers\exception.py", line 56, in inner
    response = get_response(request)
  File "C:\Users\Administrator\Desktop\djangoNftGenerator\.venv\lib\site-packages\django\core\handlers\base.py", line 197, in _get_response
    response = wrapped_callback(request, *callback_args, **callback_kwargs)
  File "C:\Users\Administrator\Desktop\djangoNftGenerator\nftgen\userRegistration\views.py", line 57, in layers
    return render(request, 'uploadsLayers.html', {'nftForm': gennftForm})
  File "C:\Users\Administrator\Desktop\djangoNftGenerator\.venv\lib\site-packages\django\shortcuts.py", line 24, in render
    content = loader.render_to_string(template_name, context, request, using=using)
  File "C:\Users\Administrator\Desktop\djangoNftGenerator\.venv\lib\site-packages\django\template\loader.py", line 62, in render_to_string
    return template.render(context, request)
  File "C:\Users\Administrator\Desktop\djangoNftGenerator\.venv\lib\site-packages\django\template\backends\django.py", line 61, in render
    return self.template.render(context)
  File "C:\Users\Administrator\Desktop\djangoNftGenerator\.venv\lib\site-packages\django\template\base.py", line 175, in render
    return self._render(context)
  File "C:\Users\Administrator\Desktop\djangoNftGenerator\.venv\lib\site-packages\django\template\base.py", line 167, in _render
    return self.nodelist.render(context)
  File "C:\Users\Administrator\Desktop\djangoNftGenerator\.venv\lib\site-packages\django\template\base.py", line 1005, in render
    return SafeString("".join([node.render_annotated(context) for node in self]))
  File "C:\Users\Administrator\Desktop\djangoNftGenerator\.venv\lib\site-packages\django\template\base.py", line 1005, in <listcomp>
    return SafeString("".join([node.render_annotated(context) for node in self]))
  File "C:\Users\Administrator\Desktop\djangoNftGenerator\.venv\lib\site-packages\django\template\base.py", line 966, in render_annotated
    return self.render(context)
  File "C:\Users\Administrator\Desktop\djangoNftGenerator\.venv\lib\site-packages\django\templatetags\static.py", line 116, in render
    url = self.url(context)
  File "C:\Users\Administrator\Desktop\djangoNftGenerator\.venv\lib\site-packages\django\templatetags\static.py", line 113, in url
    return self.handle_simple(path)
  File "C:\Users\Administrator\Desktop\djangoNftGenerator\.venv\lib\site-packages\django\templatetags\static.py", line 129, in handle_simple
    return staticfiles_storage.url(path)
  File "C:\Users\Administrator\Desktop\djangoNftGenerator\.venv\lib\site-packages\django\contrib\staticfiles\storage.py", line 173, in url
    return self._url(self.stored_name, name, force)
  File "C:\Users\Administrator\Desktop\djangoNftGenerator\.venv\lib\site-packages\django\contrib\staticfiles\storage.py", line 152, in _url
    hashed_name = hashed_name_func(*args)
  File "C:\Users\Administrator\Desktop\djangoNftGenerator\.venv\lib\site-packages\django\contrib\staticfiles\storage.py", line 472, in stored_name
    raise ValueError(
ValueError: Missing staticfiles manifest entry for 'css/style.css'
Not Found: /setup.cgi
Not Found: /aaa9
Not Found: /aab8
Internal Server Error: /
Traceback (most recent call last):
  File "C:\Users\Administrator\anaconda3\lib\site-packages\django\core\handlers\exception.py", line 56, in inner
    response = get_response(request)
  File "C:\Users\Administrator\anaconda3\lib\site-packages\django\core\handlers\base.py", line 197, in _get_response
    response = wrapped_callback(request, *callback_args, **callback_kwargs)
  File "C:\Users\Administrator\Desktop\djangoNftGenerator\nftgen\userRegistration\views.py", line 57, in layers
    return render(request, 'uploadsLayers.html', {'nftForm': gennftForm})
  File "C:\Users\Administrator\anaconda3\lib\site-packages\django\shortcuts.py", line 24, in render
    content = loader.render_to_string(template_name, context, request, using=using)
  File "C:\Users\Administrator\anaconda3\lib\site-packages\django\template\loader.py", line 62, in render_to_string
    return template.render(context, request)
  File "C:\Users\Administrator\anaconda3\lib\site-packages\django\template\backends\django.py", line 61, in render
    return self.template.render(context)
  File "C:\Users\Administrator\anaconda3\lib\site-packages\django\template\base.py", line 175, in render
    return self._render(context)
  File "C:\Users\Administrator\anaconda3\lib\site-packages\django\template\base.py", line 167, in _render
    return self.nodelist.render(context)
  File "C:\Users\Administrator\anaconda3\lib\site-packages\django\template\base.py", line 1005, in render
    return SafeString("".join([node.render_annotated(context) for node in self]))
  File "C:\Users\Administrator\anaconda3\lib\site-packages\django\template\base.py", line 1005, in <listcomp>
    return SafeString("".join([node.render_annotated(context) for node in self]))
  File "C:\Users\Administrator\anaconda3\lib\site-packages\django\template\base.py", line 966, in render_annotated
    return self.render(context)
  File "C:\Users\Administrator\anaconda3\lib\site-packages\django\templatetags\static.py", line 116, in render
    url = self.url(context)
  File "C:\Users\Administrator\anaconda3\lib\site-packages\django\templatetags\static.py", line 113, in url
    return self.handle_simple(path)
  File "C:\Users\Administrator\anaconda3\lib\site-packages\django\templatetags\static.py", line 129, in handle_simple
    return staticfiles_storage.url(path)
  File "C:\Users\Administrator\anaconda3\lib\site-packages\django\contrib\staticfiles\storage.py", line 173, in url
    return self._url(self.stored_name, name, force)
  File "C:\Users\Administrator\anaconda3\lib\site-packages\django\contrib\staticfiles\storage.py", line 152, in _url
    hashed_name = hashed_name_func(*args)
  File "C:\Users\Administrator\anaconda3\lib\site-packages\django\contrib\staticfiles\storage.py", line 472, in stored_name
    raise ValueError(
ValueError: Missing staticfiles manifest entry for 'css/style.css'
Invalid HTTP_HOST header: '5.188.210.227'. You may need to add '5.188.210.227' to ALLOWED_HOSTS.
Traceback (most recent call last):
  File "C:\Users\Administrator\anaconda3\lib\site-packages\django\core\handlers\exception.py", line 56, in inner
    response = get_response(request)
  File "C:\Users\Administrator\anaconda3\lib\site-packages\django\utils\deprecation.py", line 135, in __call__
    response = self.process_request(request)
  File "C:\Users\Administrator\anaconda3\lib\site-packages\django\middleware\common.py", line 48, in process_request
    host = request.get_host()
  File "C:\Users\Administrator\anaconda3\lib\site-packages\django\http\request.py", line 152, in get_host
    raise DisallowedHost(msg)
django.core.exceptions.DisallowedHost: Invalid HTTP_HOST header: '5.188.210.227'. You may need to add '5.188.210.227' to ALLOWED_HOSTS.
Bad Request: /echo.php
Invalid HTTP_HOST header: '5.188.210.227'. You may need to add '5.188.210.227' to ALLOWED_HOSTS.
Traceback (most recent call last):
  File "C:\Users\Administrator\anaconda3\lib\site-packages\django\core\handlers\exception.py", line 56, in inner
    response = get_response(request)
  File "C:\Users\Administrator\anaconda3\lib\site-packages\django\utils\deprecation.py", line 135, in __call__
    response = self.process_request(request)
  File "C:\Users\Administrator\anaconda3\lib\site-packages\django\middleware\common.py", line 48, in process_request
    host = request.get_host()
  File "C:\Users\Administrator\anaconda3\lib\site-packages\django\http\request.py", line 152, in get_host
    raise DisallowedHost(msg)
django.core.exceptions.DisallowedHost: Invalid HTTP_HOST header: '5.188.210.227'. You may need to add '5.188.210.227' to ALLOWED_HOSTS.
Bad Request: /echo.php
Invalid HTTP_HOST header: '5.188.210.227'. You may need to add '5.188.210.227' to ALLOWED_HOSTS.
Traceback (most recent call last):
  File "C:\Users\Administrator\anaconda3\lib\site-packages\django\core\handlers\exception.py", line 56, in inner
    response = get_response(request)
  File "C:\Users\Administrator\anaconda3\lib\site-packages\django\utils\deprecation.py", line 135, in __call__
    response = self.process_request(request)
  File "C:\Users\Administrator\anaconda3\lib\site-packages\django\middleware\common.py", line 48, in process_request
    host = request.get_host()
  File "C:\Users\Administrator\anaconda3\lib\site-packages\django\http\request.py", line 152, in get_host
    raise DisallowedHost(msg)
django.core.exceptions.DisallowedHost: Invalid HTTP_HOST header: '5.188.210.227'. You may need to add '5.188.210.227' to ALLOWED_HOSTS.
Bad Request: /echo.php
Invalid HTTP_HOST header: '127.0.0.1:80'. You may need to add '127.0.0.1' to ALLOWED_HOSTS.
Traceback (most recent call last):
  File "C:\Users\Administrator\anaconda3\lib\site-packages\django\core\handlers\exception.py", line 56, in inner
    response = get_response(request)
  File "C:\Users\Administrator\anaconda3\lib\site-packages\django\utils\deprecation.py", line 135, in __call__
    response = self.process_request(request)
  File "C:\Users\Administrator\anaconda3\lib\site-packages\django\middleware\common.py", line 48, in process_request
    host = request.get_host()
  File "C:\Users\Administrator\anaconda3\lib\site-packages\django\http\request.py", line 152, in get_host
    raise DisallowedHost(msg)
django.core.exceptions.DisallowedHost: Invalid HTTP_HOST header: '127.0.0.1:80'. You may need to add '127.0.0.1' to ALLOWED_HOSTS.
Bad Request: /shell
Invalid HTTP_HOST header: '194.233.67.87'. You may need to add '194.233.67.87' to ALLOWED_HOSTS.
Traceback (most recent call last):
  File "C:\Users\Administrator\anaconda3\lib\site-packages\django\core\handlers\exception.py", line 56, in inner
    response = get_response(request)
  File "C:\Users\Administrator\anaconda3\lib\site-packages\django\utils\deprecation.py", line 135, in __call__
    response = self.process_request(request)
  File "C:\Users\Administrator\anaconda3\lib\site-packages\django\middleware\common.py", line 48, in process_request
    host = request.get_host()
  File "C:\Users\Administrator\anaconda3\lib\site-packages\django\http\request.py", line 152, in get_host
    raise DisallowedHost(msg)
django.core.exceptions.DisallowedHost: Invalid HTTP_HOST header: '194.233.67.87'. You may need to add '194.233.67.87' to ALLOWED_HOSTS.
Bad Request: /
Invalid HTTP_HOST header: '194.233.67.87'. You may need to add '194.233.67.87' to ALLOWED_HOSTS.
Traceback (most recent call last):
  File "C:\Users\Administrator\anaconda3\lib\site-packages\django\core\handlers\exception.py", line 56, in inner
    response = get_response(request)
  File "C:\Users\Administrator\anaconda3\lib\site-packages\django\utils\deprecation.py", line 135, in __call__
    response = self.process_request(request)
  File "C:\Users\Administrator\anaconda3\lib\site-packages\django\middleware\common.py", line 48, in process_request
    host = request.get_host()
  File "C:\Users\Administrator\anaconda3\lib\site-packages\django\http\request.py", line 152, in get_host
    raise DisallowedHost(msg)
django.core.exceptions.DisallowedHost: Invalid HTTP_HOST header: '194.233.67.87'. You may need to add '194.233.67.87' to ALLOWED_HOSTS.
Bad Request: /robots.txt
Invalid HTTP_HOST header: '194.233.67.87'. You may need to add '194.233.67.87' to ALLOWED_HOSTS.
Traceback (most recent call last):
  File "C:\Users\Administrator\anaconda3\lib\site-packages\django\core\handlers\exception.py", line 56, in inner
    response = get_response(request)
  File "C:\Users\Administrator\anaconda3\lib\site-packages\django\utils\deprecation.py", line 135, in __call__
    response = self.process_request(request)
  File "C:\Users\Administrator\anaconda3\lib\site-packages\django\middleware\common.py", line 48, in process_request
    host = request.get_host()
  File "C:\Users\Administrator\anaconda3\lib\site-packages\django\http\request.py", line 152, in get_host
    raise DisallowedHost(msg)
django.core.exceptions.DisallowedHost: Invalid HTTP_HOST header: '194.233.67.87'. You may need to add '194.233.67.87' to ALLOWED_HOSTS.
Bad Request: /sitemap.xml
Invalid HTTP_HOST header: '194.233.67.87:80'. You may need to add '194.233.67.87' to ALLOWED_HOSTS.
Traceback (most recent call last):
  File "C:\Users\Administrator\anaconda3\lib\site-packages\django\core\handlers\exception.py", line 56, in inner
    response = get_response(request)
  File "C:\Users\Administrator\anaconda3\lib\site-packages\django\utils\deprecation.py", line 135, in __call__
    response = self.process_request(request)
  File "C:\Users\Administrator\anaconda3\lib\site-packages\django\middleware\common.py", line 48, in process_request
    host = request.get_host()
  File "C:\Users\Administrator\anaconda3\lib\site-packages\django\http\request.py", line 152, in get_host
    raise DisallowedHost(msg)
django.core.exceptions.DisallowedHost: Invalid HTTP_HOST header: '194.233.67.87:80'. You may need to add '194.233.67.87' to ALLOWED_HOSTS.
Bad Request: /
Invalid HTTP_HOST header: '194.233.67.87:80'. You may need to add '194.233.67.87' to ALLOWED_HOSTS.
Traceback (most recent call last):
  File "C:\Users\Administrator\anaconda3\lib\site-packages\django\core\handlers\exception.py", line 56, in inner
    response = get_response(request)
  File "C:\Users\Administrator\anaconda3\lib\site-packages\django\utils\deprecation.py", line 135, in __call__
    response = self.process_request(request)
  File "C:\Users\Administrator\anaconda3\lib\site-packages\django\middleware\common.py", line 48, in process_request
    host = request.get_host()
  File "C:\Users\Administrator\anaconda3\lib\site-packages\django\http\request.py", line 152, in get_host
    raise DisallowedHost(msg)
django.core.exceptions.DisallowedHost: Invalid HTTP_HOST header: '194.233.67.87:80'. You may need to add '194.233.67.87' to ALLOWED_HOSTS.
Bad Request: /
Invalid HTTP_HOST header: '194.233.67.87'. You may need to add '194.233.67.87' to ALLOWED_HOSTS.
Traceback (most recent call last):
  File "C:\Users\Administrator\anaconda3\lib\site-packages\django\core\handlers\exception.py", line 56, in inner
    response = get_response(request)
  File "C:\Users\Administrator\anaconda3\lib\site-packages\django\utils\deprecation.py", line 135, in __call__
    response = self.process_request(request)
  File "C:\Users\Administrator\anaconda3\lib\site-packages\django\middleware\common.py", line 48, in process_request
    host = request.get_host()
  File "C:\Users\Administrator\anaconda3\lib\site-packages\django\http\request.py", line 152, in get_host
    raise DisallowedHost(msg)
django.core.exceptions.DisallowedHost: Invalid HTTP_HOST header: '194.233.67.87'. You may need to add '194.233.67.87' to ALLOWED_HOSTS.
Bad Request: /
Invalid HTTP_HOST header: '194.233.67.87'. You may need to add '194.233.67.87' to ALLOWED_HOSTS.
Traceback (most recent call last):
  File "C:\Users\Administrator\anaconda3\lib\site-packages\django\core\handlers\exception.py", line 56, in inner
    response = get_response(request)
  File "C:\Users\Administrator\anaconda3\lib\site-packages\django\utils\deprecation.py", line 135, in __call__
    response = self.process_request(request)
  File "C:\Users\Administrator\anaconda3\lib\site-packages\django\middleware\common.py", line 48, in process_request
    host = request.get_host()
  File "C:\Users\Administrator\anaconda3\lib\site-packages\django\http\request.py", line 152, in get_host
    raise DisallowedHost(msg)
django.core.exceptions.DisallowedHost: Invalid HTTP_HOST header: '194.233.67.87'. You may need to add '194.233.67.87' to ALLOWED_HOSTS.
Bad Request: /.env
Invalid HTTP_HOST header: '127.0.0.1:8000'. You may need to add '127.0.0.1' to ALLOWED_HOSTS.
Traceback (most recent call last):
  File "C:\Users\Administrator\Desktop\djangoNftGenerator\.venv\lib\site-packages\django\core\handlers\exception.py", line 56, in inner
    response = get_response(request)
  File "C:\Users\Administrator\Desktop\djangoNftGenerator\.venv\lib\site-packages\django\utils\deprecation.py", line 135, in __call__
    response = self.process_request(request)
  File "C:\Users\Administrator\Desktop\djangoNftGenerator\.venv\lib\site-packages\django\middleware\common.py", line 48, in process_request
    host = request.get_host()
  File "C:\Users\Administrator\Desktop\djangoNftGenerator\.venv\lib\site-packages\django\http\request.py", line 152, in get_host
    raise DisallowedHost(msg)
django.core.exceptions.DisallowedHost: Invalid HTTP_HOST header: '127.0.0.1:8000'. You may need to add '127.0.0.1' to ALLOWED_HOSTS.
Bad Request: /
Invalid HTTP_HOST header: '127.0.0.1:8010'. You may need to add '127.0.0.1' to ALLOWED_HOSTS.
Traceback (most recent call last):
  File "C:\Users\Administrator\Desktop\djangoNftGenerator\.venv\lib\site-packages\django\core\handlers\exception.py", line 56, in inner
    response = get_response(request)
  File "C:\Users\Administrator\Desktop\djangoNftGenerator\.venv\lib\site-packages\django\utils\deprecation.py", line 135, in __call__
    response = self.process_request(request)
  File "C:\Users\Administrator\Desktop\djangoNftGenerator\.venv\lib\site-packages\django\middleware\common.py", line 48, in process_request
    host = request.get_host()
  File "C:\Users\Administrator\Desktop\djangoNftGenerator\.venv\lib\site-packages\django\http\request.py", line 152, in get_host
    raise DisallowedHost(msg)
django.core.exceptions.DisallowedHost: Invalid HTTP_HOST header: '127.0.0.1:8010'. You may need to add '127.0.0.1' to ALLOWED_HOSTS.
Bad Request: /
Invalid HTTP_HOST header: '127.0.0.1:8010'. You may need to add '127.0.0.1' to ALLOWED_HOSTS.
Traceback (most recent call last):
  File "C:\Users\Administrator\Desktop\djangoNftGenerator\.venv\lib\site-packages\django\core\handlers\exception.py", line 56, in inner
    response = get_response(request)
  File "C:\Users\Administrator\Desktop\djangoNftGenerator\.venv\lib\site-packages\django\utils\deprecation.py", line 135, in __call__
    response = self.process_request(request)
  File "C:\Users\Administrator\Desktop\djangoNftGenerator\.venv\lib\site-packages\django\middleware\common.py", line 48, in process_request
    host = request.get_host()
  File "C:\Users\Administrator\Desktop\djangoNftGenerator\.venv\lib\site-packages\django\http\request.py", line 152, in get_host
    raise DisallowedHost(msg)
django.core.exceptions.DisallowedHost: Invalid HTTP_HOST header: '127.0.0.1:8010'. You may need to add '127.0.0.1' to ALLOWED_HOSTS.
Bad Request: /favicon.ico
Invalid HTTP_HOST header: '127.0.0.1:8010'. You may need to add '127.0.0.1' to ALLOWED_HOSTS.
Traceback (most recent call last):
  File "C:\Users\Administrator\Desktop\djangoNftGenerator\.venv\lib\site-packages\django\core\handlers\exception.py", line 56, in inner
    response = get_response(request)
  File "C:\Users\Administrator\Desktop\djangoNftGenerator\.venv\lib\site-packages\django\utils\deprecation.py", line 135, in __call__
    response = self.process_request(request)
  File "C:\Users\Administrator\Desktop\djangoNftGenerator\.venv\lib\site-packages\django\middleware\common.py", line 48, in process_request
    host = request.get_host()
  File "C:\Users\Administrator\Desktop\djangoNftGenerator\.venv\lib\site-packages\django\http\request.py", line 152, in get_host
    raise DisallowedHost(msg)
django.core.exceptions.DisallowedHost: Invalid HTTP_HOST header: '127.0.0.1:8010'. You may need to add '127.0.0.1' to ALLOWED_HOSTS.
Bad Request: /
Invalid HTTP_HOST header: '127.0.0.1:8010'. You may need to add '127.0.0.1' to ALLOWED_HOSTS.
Traceback (most recent call last):
  File "C:\Users\Administrator\Desktop\djangoNftGenerator\.venv\lib\site-packages\django\core\handlers\exception.py", line 56, in inner
    response = get_response(request)
  File "C:\Users\Administrator\Desktop\djangoNftGenerator\.venv\lib\site-packages\django\utils\deprecation.py", line 135, in __call__
    response = self.process_request(request)
  File "C:\Users\Administrator\Desktop\djangoNftGenerator\.venv\lib\site-packages\django\middleware\common.py", line 48, in process_request
    host = request.get_host()
  File "C:\Users\Administrator\Desktop\djangoNftGenerator\.venv\lib\site-packages\django\http\request.py", line 152, in get_host
    raise DisallowedHost(msg)
django.core.exceptions.DisallowedHost: Invalid HTTP_HOST header: '127.0.0.1:8010'. You may need to add '127.0.0.1' to ALLOWED_HOSTS.
Bad Request: /favicon.ico
